Removed Pin From Net: NetName=RX Pin=JP3-1
Removed Pin From Net: NetName=TX Pin=JP3-2
Removed Pin From Net: NetName=PD2 Pin=JP3-3
Removed Pin From Net: NetName=PD3 Pin=JP3-4
Removed Pin From Net: NetName=DC1 Pin=JP3-5
Removed Pin From Net: NetName=DC2 Pin=JP3-6
Removed Pin From Net: NetName=DC3 Pin=JP3-7
Removed Pin From Net: NetName=DC4 Pin=JP3-8
Removed Member From Class: ClassName=SCHE_Doan2 Member=JP?
Change Component Footprint: Designator=JP1 Old Footprint=JP 1x8 CC New Footprint=JP 1x8 CT
Change Component Designator: OldDesignator=IC? NewDesignator=IC2
Change Component Designator: OldDesignator=JP? NewDesignator=JP3
Change component parameters: Designator = "JP1" ("JP1"); Footprint = "JP 1x8 CC"; UniqueID = "\ZPVDOJRS" ("\ZPVDOJRS")
Change component parameters (AddParameter): Name = "Chung_Loai"; Value = "C?m"; VariantName = "[No Variations]"
Change component parameters (AddParameter): Name = "Don_Vi"; Value = "Con"; VariantName = "[No Variations]"
Change component parameters (AddParameter): Name = "Ghi_Chu"; Value = ""; VariantName = "[No Variations]"
Change component parameters (AddParameter): Name = "Kieu_Chan"; Value = ""; VariantName = "[No Variations]"
Change component parameters (AddParameter): Name = "Ma_Hang"; Value = "MH004006"; VariantName = "[No Variations]"
Change component parameters (AddParameter): Name = "Ten_Linh_Kien"; Value = "Jump Ðon Cái 2.54MM 1x20P Th?ng"; VariantName = "[No Variations]"
Added Component: Designator=JP4(JP 1x8 CT)
Add component (AddParameter): Name = "Chung_Loai"; Value = "C?m"; VariantName = "[No Variations]"
Add component (AddParameter): Name = "Don_Vi"; Value = "Con"; VariantName = "[No Variations]"
Add component (AddParameter): Name = "Ghi_Chu"; Value = ""; VariantName = "[No Variations]"
Add component (AddParameter): Name = "Kieu_Chan"; Value = ""; VariantName = "[No Variations]"
Add component (AddParameter): Name = "Ma_Hang"; Value = "MH004006"; VariantName = "[No Variations]"
Add component (AddParameter): Name = "Ten_Linh_Kien"; Value = "Jump Ðon Cái 2.54MM 1x20P Th?ng"; VariantName = "[No Variations]"
Added Pin To Net: NetName=RX Pin=JP4-1
Added Pin To Net: NetName=TX Pin=JP4-2
Added Pin To Net: NetName=PD2 Pin=JP4-3
Added Pin To Net: NetName=PD3 Pin=JP4-4
Added Pin To Net: NetName=DC1 Pin=JP4-5
Added Pin To Net: NetName=DC2 Pin=JP4-6
Added Pin To Net: NetName=DC3 Pin=JP4-7
Added Pin To Net: NetName=DC4 Pin=JP4-8
Added Member To Class: ClassName=SCHE_Doan2 Member=Component IC2 ATMEL 16A
Added Member To Class: ClassName=SCHE_Doan2 Member=Component JP4 JP 1x8 2.54
Added Room: Name=SCHE_Doan2
