Added Pin To Net: NetName=PB0 Pin=IC?-1
Added Pin To Net: NetName=PB1 Pin=IC?-2
Added Pin To Net: NetName=PB2 Pin=IC?-3
Added Pin To Net: NetName=PB3 Pin=IC?-4
Added Pin To Net: NetName=SS Pin=IC?-5
Added Pin To Net: NetName=MOSI Pin=IC?-6
Added Pin To Net: NetName=MISO Pin=IC?-7
Added Pin To Net: NetName=SCK Pin=IC?-8
Added Pin To Net: NetName=NetC2_2 Pin=IC?-9
Added Pin To Net: NetName=X2 Pin=IC?-12
Added Pin To Net: NetName=X1 Pin=IC?-13
Added Pin To Net: NetName=RX Pin=IC?-14
Added Pin To Net: NetName=TX Pin=IC?-15
Added Pin To Net: NetName=PD2 Pin=IC?-16
Added Pin To Net: NetName=PD3 Pin=IC?-17
Added Pin To Net: NetName=DC1 Pin=IC?-18
Added Pin To Net: NetName=DC2 Pin=IC?-19
Added Pin To Net: NetName=DC3 Pin=IC?-20
Added Pin To Net: NetName=DC4 Pin=IC?-21
Added Pin To Net: NetName=RS Pin=IC?-22
Added Pin To Net: NetName=RW Pin=IC?-23
Added Pin To Net: NetName=E Pin=IC?-24
Added Pin To Net: NetName=D4 Pin=IC?-26
Added Pin To Net: NetName=D5 Pin=IC?-27
Added Pin To Net: NetName=D6 Pin=IC?-28
Added Pin To Net: NetName=D7 Pin=IC?-29
Added Pin To Net: NetName=VCC Pin=IC?-30
Added Pin To Net: NetName=GND Pin=IC?-31
Added Pin To Net: NetName=PA7 Pin=IC?-33
Added Pin To Net: NetName=LM35 Pin=IC?-34
Added Pin To Net: NetName=PA5 Pin=IC?-35
Added Pin To Net: NetName=PA4 Pin=IC?-36
Added Pin To Net: NetName=button_4 Pin=IC?-37
Added Pin To Net: NetName=button_3 Pin=IC?-38
Added Pin To Net: NetName=button_2 Pin=IC?-39
Added Pin To Net: NetName=button_1 Pin=IC?-40
Change Net Name : Old Net Name=NetC2_2 New Net Name=RESET
Added Pin To Net: NetName=PC3 Pin=IC?-25
Added Pin To Net: NetName=PC3 Pin=JP1-4
Added Net: Name=PC3
Added Member To Class: ClassName=SCHE_Doan2 Member=Component IC? ATMEL 16A
